<?xml version="1.0" encoding="UTF-8"?>
<!-- Generated by org.testng.reporters.JUnitXMLReporter -->
<testsuite ignored="4" hostname="SANDHYA" failures="0" tests="4" name="Test1" time="0.351" errors="0" timestamp="2023-12-23T16:59:50 IST">
  <testcase classname="testNgXMLStudy.MyClass" name="TC3" time="0.034"/>
  <testcase classname="testNgXMLStudy.MyClass" name="TC4" time="0.021"/>
  <testcase classname="testNgXMLStudy.MyClass" name="TC5" time="0.012"/>
  <testcase classname="testNgXMLStudy.MyClass2" name="TC7" time="0.026"/>
  <testcase classname="testNgXMLStudy.MyClass" name="TC2" time="0.0">
    <ignored/>
  </testcase> <!-- TC2 -->
  <testcase classname="testNgXMLStudy.MyClass" name="TC1" time="0.0">
    <ignored/>
  </testcase> <!-- TC1 -->
  <testcase classname="testNgXMLStudy.MyClass2" name="TC8" time="0.0">
    <ignored/>
  </testcase> <!-- TC8 -->
  <testcase classname="testNgXMLStudy.MyClass2" name="TC6" time="0.0">
    <ignored/>
  </testcase> <!-- TC6 -->
</testsuite> <!-- Test1 -->
